[2020-02-14T16:57:47.628] [DEBUG] cheese - login => username:zc,password:123456
[2020-02-14T16:57:47.629] [DEBUG] cheese - zc
[2020-02-14T16:57:47.639] [DEBUG] cheese - { inspect: [Function: inspect] }
[2020-02-14T16:57:47.641] [DEBUG] cheese - 查询失败
[2020-02-14T16:58:08.116] [DEBUG] cheese - login => username:zce,password:123456
[2020-02-14T16:58:08.116] [DEBUG] cheese - zce
[2020-02-14T16:58:08.119] [DEBUG] cheese - { inspect: [Function: inspect] }
[2020-02-14T16:58:08.119] [DEBUG] cheese - 查询失败
[2020-02-14T16:58:59.884] [DEBUG] cheese - login => username:linken,password:123456
[2020-02-14T16:58:59.884] [DEBUG] cheese - linken
[2020-02-14T16:58:59.886] [DEBUG] cheese - { inspect: [Function: inspect] }
[2020-02-14T16:58:59.887] [DEBUG] cheese - 查询失败
[2020-02-14T16:59:21.065] [DEBUG] cheese - login => username:linken,password:$10$sZlpZNoLAnoD1DtYO9REAODCPkpMb5bwl4oMzrMvJa83k9BY3KRwq
[2020-02-14T16:59:21.065] [DEBUG] cheese - linken
[2020-02-14T16:59:21.067] [DEBUG] cheese - { inspect: [Function: inspect] }
[2020-02-14T16:59:21.067] [DEBUG] cheese - 查询失败
[2020-02-14T17:00:12.233] [DEBUG] cheese - login => username:admin,password:123456
[2020-02-14T17:00:12.233] [DEBUG] cheese - admin
[2020-02-14T17:00:12.236] [DEBUG] cheese - { inspect: [Function: inspect] }
[2020-02-14T17:00:12.236] [DEBUG] cheese - 查询失败
[2020-02-14T17:10:13.589] [DEBUG] cheese - login => username:admin,password:123456
[2020-02-14T17:10:13.589] [DEBUG] cheese - admin
[2020-02-14T17:10:13.593] [DEBUG] cheese - { inspect: [Function: inspect] }
[2020-02-14T17:10:13.593] [DEBUG] cheese - 查询失败
[2020-02-14T17:42:06.151] [DEBUG] cheese - login => username:admin,password:123456
[2020-02-14T17:42:06.151] [DEBUG] cheese - admin
[2020-02-14T17:42:06.161] [DEBUG] cheese - null
[2020-02-14T17:42:06.161] [DEBUG] cheese - null
[2020-02-14T18:44:22.210] [DEBUG] cheese - login => username:admin,password:1234561
[2020-02-14T18:44:22.211] [DEBUG] cheese - admin
[2020-02-14T18:44:22.214] [DEBUG] cheese - null
[2020-02-14T18:44:22.214] [DEBUG] cheese - null
[2020-02-14T18:44:27.291] [DEBUG] cheese - login => username:admin,password:123456
[2020-02-14T18:44:27.291] [DEBUG] cheese - admin
[2020-02-14T18:44:27.294] [DEBUG] cheese - null
[2020-02-14T18:44:27.294] [DEBUG] cheese - null
[2020-02-14T18:44:56.465] [DEBUG] cheese - login => username:linken
,password:123456
[2020-02-14T18:44:56.465] [DEBUG] cheese - linken

[2020-02-14T18:44:56.468] [DEBUG] cheese - null
[2020-02-14T18:44:56.468] [DEBUG] cheese - null
[2020-02-14T18:45:14.691] [DEBUG] cheese - login => username:admin

,password:123456
[2020-02-14T18:45:14.691] [DEBUG] cheese - admin


[2020-02-14T18:45:14.693] [DEBUG] cheese - null
[2020-02-14T18:45:14.693] [DEBUG] cheese - null
[2020-02-14T18:45:17.025] [DEBUG] cheese - login => username:admin

,password:123456
[2020-02-14T18:45:17.025] [DEBUG] cheese - admin


[2020-02-14T18:45:17.026] [DEBUG] cheese - null
[2020-02-14T18:45:17.027] [DEBUG] cheese - null
[2020-02-14T18:45:22.581] [DEBUG] cheese - login => username:admin

,password:123456
[2020-02-14T18:45:22.581] [DEBUG] cheese - admin


[2020-02-14T18:45:22.583] [DEBUG] cheese - null
[2020-02-14T18:45:22.583] [DEBUG] cheese - null
[2020-02-14T18:45:51.824] [DEBUG] cheese - login => username:admin
,password:123456
[2020-02-14T18:45:51.824] [DEBUG] cheese - admin

[2020-02-14T18:45:51.826] [DEBUG] cheese - null
[2020-02-14T18:45:51.826] [DEBUG] cheese - null
[2020-02-14T18:46:03.316] [DEBUG] cheese - login => username:admin,password:123456
[2020-02-14T18:46:03.316] [DEBUG] cheese - admin
[2020-02-14T18:46:03.319] [DEBUG] cheese - null
[2020-02-14T18:46:03.319] [DEBUG] cheese - null
[2020-02-14T18:46:11.474] [DEBUG] cheese - login => username:linken,password:123456
[2020-02-14T18:46:11.474] [DEBUG] cheese - linken
[2020-02-14T18:46:11.478] [DEBUG] cheese - null
[2020-02-14T18:46:11.478] [DEBUG] cheese - null
[2020-02-14T18:56:49.415] [DEBUG] cheese - login => username:linken,password:123456
[2020-02-14T18:56:49.415] [DEBUG] cheese - linken
[2020-02-14T18:56:49.420] [DEBUG] cheese - null
[2020-02-14T18:56:49.420] [DEBUG] cheese - null
[2020-02-14T18:57:00.006] [DEBUG] cheese - login => username:admin,password:123456
[2020-02-14T18:57:00.006] [DEBUG] cheese - admin
[2020-02-14T18:57:00.012] [DEBUG] cheese - null
[2020-02-14T18:57:00.012] [DEBUG] cheese - null
[2020-02-15T22:18:59.797] [DEBUG] cheese - login => username:1234123,password:1231245125123
[2020-02-15T22:18:59.827] [DEBUG] cheese - 1234123
[2020-02-15T22:18:59.937] [DEBUG] cheese - null
[2020-02-15T22:18:59.938] [DEBUG] cheese - null
[2020-02-15T22:19:33.193] [DEBUG] cheese - login => username:123123,password:123456666
[2020-02-15T22:19:33.193] [DEBUG] cheese - 123123
[2020-02-15T22:19:33.205] [DEBUG] cheese - null
[2020-02-15T22:19:33.205] [DEBUG] cheese - null
[2020-02-15T22:19:58.338] [DEBUG] cheese - login => username:1234,password:12345666
[2020-02-15T22:19:58.338] [DEBUG] cheese - 1234
[2020-02-15T22:19:58.351] [DEBUG] cheese - null
[2020-02-15T22:19:58.352] [DEBUG] cheese - null
[2020-02-15T22:21:48.298] [DEBUG] cheese - login => username:admin,password:123456
[2020-02-15T22:21:48.298] [DEBUG] cheese - admin
[2020-02-15T22:21:48.305] [DEBUG] cheese - null
[2020-02-15T22:21:48.305] [DEBUG] cheese - null
[2020-02-15T22:40:28.979] [DEBUG] cheese - login => username:123124,password:1234125
[2020-02-15T22:40:28.979] [DEBUG] cheese - 123124
[2020-02-15T22:40:28.982] [DEBUG] cheese - null
[2020-02-15T22:40:28.982] [DEBUG] cheese - null
[2020-02-15T22:40:35.460] [DEBUG] cheese - login => username:admin,password:123456
[2020-02-15T22:40:35.460] [DEBUG] cheese - admin
[2020-02-15T22:40:35.463] [DEBUG] cheese - null
[2020-02-15T22:40:35.463] [DEBUG] cheese - null
[2020-02-15T23:30:42.844] [DEBUG] cheese - login => username:admin,password:123456
[2020-02-15T23:30:42.844] [DEBUG] cheese - admin
[2020-02-15T23:30:42.847] [DEBUG] cheese - null
[2020-02-15T23:30:42.847] [DEBUG] cheese - null
[2020-02-15T23:37:44.655] [DEBUG] cheese - login => username:admin,password:123456
[2020-02-15T23:37:44.655] [DEBUG] cheese - admin
[2020-02-15T23:37:44.657] [DEBUG] cheese - null
[2020-02-15T23:37:44.657] [DEBUG] cheese - null
[2020-02-15T23:38:03.947] [DEBUG] cheese - login => username:admin,password:123456
[2020-02-15T23:38:03.947] [DEBUG] cheese - admin
[2020-02-15T23:38:03.949] [DEBUG] cheese - null
[2020-02-15T23:38:03.949] [DEBUG] cheese - null
[2020-02-15T23:38:50.005] [DEBUG] cheese - login => username:admin  ,password:123456
[2020-02-15T23:38:50.005] [DEBUG] cheese - admin  
[2020-02-15T23:38:50.007] [DEBUG] cheese - null
[2020-02-15T23:38:50.007] [DEBUG] cheese - null
[2020-02-15T23:41:00.453] [DEBUG] cheese - login => username:admin  ,password:123456
[2020-02-15T23:41:00.453] [DEBUG] cheese - admin  
[2020-02-15T23:41:00.474] [DEBUG] cheese - null
[2020-02-15T23:41:00.475] [DEBUG] cheese - null
[2020-02-15T23:43:16.200] [DEBUG] cheese - login => username:admin  ,password:123456
[2020-02-15T23:43:16.200] [DEBUG] cheese - admin  
[2020-02-15T23:43:16.212] [DEBUG] cheese - null
[2020-02-15T23:43:16.213] [DEBUG] cheese - null
[2020-02-15T23:45:04.043] [DEBUG] cheese - login => username:admin  ,password:123456
[2020-02-15T23:45:04.043] [DEBUG] cheese - admin  
[2020-02-15T23:45:04.054] [DEBUG] cheese - null
[2020-02-15T23:45:04.055] [DEBUG] cheese - null
[2020-02-16T00:19:30.928] [DEBUG] cheese - login => username:admin  ,password:123456
[2020-02-16T00:19:30.928] [DEBUG] cheese - admin  
[2020-02-16T00:19:30.933] [DEBUG] cheese - null
[2020-02-16T00:19:30.933] [DEBUG] cheese - null
[2020-02-16T00:20:59.869] [DEBUG] cheese - login => username:admin  ,password:123456
[2020-02-16T00:20:59.869] [DEBUG] cheese - admin  
[2020-02-16T00:20:59.871] [DEBUG] cheese - null
[2020-02-16T00:20:59.871] [DEBUG] cheese - null
[2020-02-16T00:43:03.423] [DEBUG] cheese - login => username:admin  ,password:123456
[2020-02-16T00:43:03.423] [DEBUG] cheese - admin  
[2020-02-16T00:43:03.429] [DEBUG] cheese - null
[2020-02-16T00:43:03.429] [DEBUG] cheese - null
[2020-02-16T14:27:57.147] [DEBUG] cheese - login => username:admin  ,password:123456
[2020-02-16T14:27:57.151] [DEBUG] cheese - admin  
[2020-02-16T14:27:57.279] [DEBUG] cheese - null
[2020-02-16T14:27:57.281] [DEBUG] cheese - null
[2020-02-16T14:39:06.823] [DEBUG] cheese - login => username:admin  ,password:123456
[2020-02-16T14:39:06.823] [DEBUG] cheese - admin  
[2020-02-16T14:39:06.834] [DEBUG] cheese - null
[2020-02-16T14:39:06.834] [DEBUG] cheese - null
[2020-02-16T17:03:35.165] [DEBUG] cheese - login => username:admin  ,password:123456
[2020-02-16T17:03:35.165] [DEBUG] cheese - admin  
[2020-02-16T17:03:35.169] [DEBUG] cheese - null
[2020-02-16T17:03:35.170] [DEBUG] cheese - null
[2020-02-16T17:03:46.605] [DEBUG] cheese - login => username:admin  ,password:123456
[2020-02-16T17:03:46.605] [DEBUG] cheese - admin  
[2020-02-16T17:03:46.612] [DEBUG] cheese - null
[2020-02-16T17:03:46.612] [DEBUG] cheese - null
[2020-02-16T23:12:22.861] [DEBUG] cheese - login => username:admin  ,password:123456
[2020-02-16T23:12:22.862] [DEBUG] cheese - admin  
[2020-02-16T23:12:22.870] [DEBUG] cheese - null
[2020-02-16T23:12:22.871] [DEBUG] cheese - null
[2020-02-16T23:13:24.484] [DEBUG] cheese - login => username:admin  ,password:123456
[2020-02-16T23:13:24.485] [DEBUG] cheese - admin  
[2020-02-16T23:13:24.487] [DEBUG] cheese - null
[2020-02-16T23:13:24.487] [DEBUG] cheese - null
[2020-02-16T23:15:33.624] [DEBUG] cheese - login => username:admin  ,password:123456
[2020-02-16T23:15:33.624] [DEBUG] cheese - admin  
[2020-02-16T23:15:33.626] [DEBUG] cheese - null
[2020-02-16T23:15:33.626] [DEBUG] cheese - null
[2020-02-16T23:37:48.669] [DEBUG] cheese - login => username:admin  ,password:123456
[2020-02-16T23:37:48.670] [DEBUG] cheese - admin  
[2020-02-16T23:37:48.677] [DEBUG] cheese - null
[2020-02-16T23:37:48.677] [DEBUG] cheese - null
[2020-02-16T23:38:04.241] [DEBUG] cheese - login => username:admin  ,password:123456
[2020-02-16T23:38:04.241] [DEBUG] cheese - admin  
[2020-02-16T23:38:04.244] [DEBUG] cheese - null
[2020-02-16T23:38:04.244] [DEBUG] cheese - null
[2020-02-16T23:38:43.978] [DEBUG] cheese - login => username:admin  ,password:123456
[2020-02-16T23:38:43.978] [DEBUG] cheese - admin  
[2020-02-16T23:38:43.983] [DEBUG] cheese - null
[2020-02-16T23:38:43.983] [DEBUG] cheese - null
[2020-02-16T23:39:21.434] [DEBUG] cheese - login => username:admin  ,password:123456
[2020-02-16T23:39:21.435] [DEBUG] cheese - admin  
[2020-02-16T23:39:21.443] [DEBUG] cheese - null
[2020-02-16T23:39:21.443] [DEBUG] cheese - null
[2020-02-16T23:40:07.187] [DEBUG] cheese - login => username:admin  ,password:123456
[2020-02-16T23:40:07.188] [DEBUG] cheese - admin  
[2020-02-16T23:40:07.197] [DEBUG] cheese - null
[2020-02-16T23:40:07.198] [DEBUG] cheese - null
[2020-02-16T23:42:36.765] [DEBUG] cheese - login => username:admin  ,password:123456
[2020-02-16T23:42:36.765] [DEBUG] cheese - admin  
[2020-02-16T23:42:36.768] [DEBUG] cheese - null
[2020-02-16T23:42:36.768] [DEBUG] cheese - null
[2020-02-16T23:44:26.960] [DEBUG] cheese - login => username:admin  ,password:123456
[2020-02-16T23:44:26.961] [DEBUG] cheese - admin  
[2020-02-16T23:44:26.969] [DEBUG] cheese - null
[2020-02-16T23:44:26.970] [DEBUG] cheese - null
[2020-02-16T23:44:51.474] [DEBUG] cheese - login => username:admin  ,password:123456
[2020-02-16T23:44:51.475] [DEBUG] cheese - admin  
[2020-02-16T23:44:51.482] [DEBUG] cheese - null
[2020-02-16T23:44:51.482] [DEBUG] cheese - null
[2020-02-16T23:44:55.265] [DEBUG] cheese - login => username:admin  ,password:123456
[2020-02-16T23:44:55.265] [DEBUG] cheese - admin  
[2020-02-16T23:44:55.268] [DEBUG] cheese - null
[2020-02-16T23:44:55.268] [DEBUG] cheese - null
[2020-02-17T11:29:34.338] [DEBUG] cheese - login => username:admin  ,password:123456
[2020-02-17T11:29:34.341] [DEBUG] cheese - admin  
[2020-02-17T11:29:34.460] [DEBUG] cheese - null
[2020-02-17T11:29:34.462] [DEBUG] cheese - null
[2020-02-17T13:18:25.374] [DEBUG] cheese - login => username:admin  ,password:123456
[2020-02-17T13:18:25.377] [DEBUG] cheese - admin  
[2020-02-17T13:18:25.402] [DEBUG] cheese - null
[2020-02-17T13:18:25.402] [DEBUG] cheese - null
[2020-02-17T13:20:16.854] [DEBUG] cheese - login => username:admin  ,password:123456
[2020-02-17T13:20:16.855] [DEBUG] cheese - admin  
[2020-02-17T13:20:16.864] [DEBUG] cheese - null
[2020-02-17T13:20:16.864] [DEBUG] cheese - null
[2020-02-17T13:25:22.539] [DEBUG] cheese - login => username:admin  ,password:123456
[2020-02-17T13:25:22.539] [DEBUG] cheese - admin  
[2020-02-17T13:25:22.555] [DEBUG] cheese - null
[2020-02-17T13:25:22.555] [DEBUG] cheese - null
[2020-02-17T13:42:32.477] [DEBUG] cheese - login => username:admin  ,password:123456
[2020-02-17T13:42:32.477] [DEBUG] cheese - admin  
[2020-02-17T13:42:32.493] [DEBUG] cheese - null
[2020-02-17T13:42:32.494] [DEBUG] cheese - null
[2020-02-17T13:42:49.304] [DEBUG] cheese - login => username:admin  ,password:123456
[2020-02-17T13:42:49.304] [DEBUG] cheese - admin  
[2020-02-17T13:42:49.314] [DEBUG] cheese - null
[2020-02-17T13:42:49.314] [DEBUG] cheese - null
[2020-02-17T13:57:22.504] [DEBUG] cheese - login => username:admin  ,password:123456
[2020-02-17T13:57:22.504] [DEBUG] cheese - admin  
[2020-02-17T13:57:22.516] [DEBUG] cheese - null
[2020-02-17T13:57:22.516] [DEBUG] cheese - null
[2020-02-17T13:59:14.705] [DEBUG] cheese - login => username:admin  ,password:123456
[2020-02-17T13:59:14.705] [DEBUG] cheese - admin  
[2020-02-17T13:59:14.716] [DEBUG] cheese - null
[2020-02-17T13:59:14.717] [DEBUG] cheese - null
[2020-02-17T14:01:50.299] [DEBUG] cheese - login => username:admin  ,password:123456
[2020-02-17T14:01:50.299] [DEBUG] cheese - admin  
[2020-02-17T14:01:50.302] [DEBUG] cheese - null
[2020-02-17T14:01:50.302] [DEBUG] cheese - null
[2020-02-17T14:06:30.510] [DEBUG] cheese - login => username:admin  ,password:123456
[2020-02-17T14:06:30.511] [DEBUG] cheese - admin  
[2020-02-17T14:06:30.519] [DEBUG] cheese - null
[2020-02-17T14:06:30.519] [DEBUG] cheese - null
[2020-02-17T14:06:51.076] [DEBUG] cheese - login => username:admin  ,password:123456
[2020-02-17T14:06:51.076] [DEBUG] cheese - admin  
[2020-02-17T14:06:51.085] [DEBUG] cheese - null
[2020-02-17T14:06:51.085] [DEBUG] cheese - null
[2020-02-17T14:12:27.426] [DEBUG] cheese - login => username:admin  ,password:123456
[2020-02-17T14:12:27.426] [DEBUG] cheese - admin  
[2020-02-17T14:12:27.432] [DEBUG] cheese - null
[2020-02-17T14:12:27.433] [DEBUG] cheese - null
[2020-02-17T19:29:22.437] [DEBUG] cheese - login => username:admin  ,password:123456
[2020-02-17T19:29:22.437] [DEBUG] cheese - admin  
[2020-02-17T19:29:22.440] [DEBUG] cheese - null
[2020-02-17T19:29:22.441] [DEBUG] cheese - null
[2020-02-17T19:32:51.363] [DEBUG] cheese - login => username:admin  ,password:123456
[2020-02-17T19:32:51.364] [DEBUG] cheese - admin  
[2020-02-17T19:32:51.371] [DEBUG] cheese - null
[2020-02-17T19:32:51.371] [DEBUG] cheese - null
[2020-02-18T00:02:33.384] [DEBUG] cheese - login => username:admin  ,password:123456
[2020-02-18T00:02:33.385] [DEBUG] cheese - admin  
[2020-02-18T00:02:33.391] [DEBUG] cheese - null
[2020-02-18T00:02:33.392] [DEBUG] cheese - null
[2020-02-18T11:02:26.282] [DEBUG] cheese - login => username:admin  ,password:123456
[2020-02-18T11:02:26.286] [DEBUG] cheese - admin  
[2020-02-18T11:02:26.392] [DEBUG] cheese - null
[2020-02-18T11:02:26.394] [DEBUG] cheese - null
[2020-02-19T19:50:00.679] [DEBUG] cheese - login => username:admin  ,password:123456
[2020-02-19T19:50:00.683] [DEBUG] cheese - admin  
[2020-02-19T19:50:00.786] [DEBUG] cheese - null
[2020-02-19T19:50:00.788] [DEBUG] cheese - null
[2020-02-19T23:26:15.074] [DEBUG] cheese - login => username:admin  ,password:123456
[2020-02-19T23:26:15.074] [DEBUG] cheese - admin  
[2020-02-19T23:26:15.079] [DEBUG] cheese - null
[2020-02-19T23:26:15.079] [DEBUG] cheese - null
[2020-02-20T14:59:41.871] [DEBUG] cheese - login => username:admin  ,password:123456
[2020-02-20T14:59:41.875] [DEBUG] cheese - admin  
[2020-02-20T14:59:42.019] [DEBUG] cheese - null
[2020-02-20T14:59:42.020] [DEBUG] cheese - null
[2020-02-20T22:35:56.882] [DEBUG] cheese - login => username:admin  ,password:123456
[2020-02-20T22:35:56.885] [DEBUG] cheese - admin  
[2020-02-20T22:35:56.903] [DEBUG] cheese - null
[2020-02-20T22:35:56.903] [DEBUG] cheese - null
[2020-02-21T01:09:47.170] [DEBUG] cheese - login => username:admin  ,password:123456
[2020-02-21T01:09:47.171] [DEBUG] cheese - admin  
[2020-02-21T01:09:47.177] [DEBUG] cheese - null
[2020-02-21T01:09:47.177] [DEBUG] cheese - null
[2020-02-21T02:07:21.026] [DEBUG] cheese - login => username:admin  ,password:123456
[2020-02-21T02:07:21.030] [DEBUG] cheese - admin  
[2020-02-21T02:07:21.059] [DEBUG] cheese - null
[2020-02-21T02:07:21.061] [DEBUG] cheese - null
[2020-02-21T23:16:13.938] [DEBUG] cheese - login => username:admin  ,password:123456
[2020-02-21T23:16:13.942] [DEBUG] cheese - admin  
[2020-02-21T23:16:14.014] [DEBUG] cheese - null
[2020-02-21T23:16:14.016] [DEBUG] cheese - null
[2020-02-22T10:42:07.438] [DEBUG] cheese - login => username:admin  ,password:123456
[2020-02-22T10:42:07.442] [DEBUG] cheese - admin  
[2020-02-22T10:42:07.527] [DEBUG] cheese - null
[2020-02-22T10:42:07.528] [DEBUG] cheese - null
[2020-02-22T11:04:29.962] [DEBUG] cheese - login => username:admin  ,password:123456
[2020-02-22T11:04:29.962] [DEBUG] cheese - admin  
[2020-02-22T11:04:29.965] [DEBUG] cheese - null
[2020-02-22T11:04:29.965] [DEBUG] cheese - null
[2020-02-22T11:04:47.321] [DEBUG] cheese - login => username:admin  ,password:123456
[2020-02-22T11:04:47.321] [DEBUG] cheese - admin  
[2020-02-22T11:04:47.327] [DEBUG] cheese - null
[2020-02-22T11:04:47.328] [DEBUG] cheese - null
[2020-02-22T11:13:58.222] [DEBUG] cheese - login => username:admin  ,password:123456
[2020-02-22T11:13:58.224] [DEBUG] cheese - admin  
[2020-02-22T11:13:58.238] [DEBUG] cheese - null
[2020-02-22T11:13:58.238] [DEBUG] cheese - null
[2020-02-22T11:18:26.331] [DEBUG] cheese - login => username:admin  ,password:123456
[2020-02-22T11:18:26.334] [DEBUG] cheese - admin  
[2020-02-22T11:18:26.348] [DEBUG] cheese - null
[2020-02-22T11:18:26.349] [DEBUG] cheese - null
[2020-02-22T15:45:29.483] [DEBUG] cheese - login => username:admin  ,password:123456
[2020-02-22T15:45:29.485] [DEBUG] cheese - admin  
[2020-02-22T15:45:29.493] [DEBUG] cheese - null
[2020-02-22T15:45:29.493] [DEBUG] cheese - null
[2020-02-22T15:48:12.620] [DEBUG] cheese - login => username:admin  ,password:123456
[2020-02-22T15:48:12.621] [DEBUG] cheese - admin  
[2020-02-22T15:48:12.636] [DEBUG] cheese - null
[2020-02-22T15:48:12.636] [DEBUG] cheese - null
[2020-02-22T19:34:59.635] [DEBUG] cheese - null
[2020-02-22T19:39:40.991] [DEBUG] cheese - null
[2020-02-22T19:40:31.718] [DEBUG] cheese - null
[2020-02-22T19:41:47.390] [DEBUG] cheese - null
[2020-02-22T19:41:51.677] [DEBUG] cheese - null
[2020-02-22T20:03:42.470] [DEBUG] cheese - login => username:admin  ,password:123456
[2020-02-22T20:03:42.471] [DEBUG] cheese - admin  
[2020-02-22T20:03:42.482] [DEBUG] cheese - null
[2020-02-22T20:03:42.482] [DEBUG] cheese - null
[2020-02-22T20:13:03.471] [DEBUG] cheese - login => username:admin  ,password:123456
[2020-02-22T20:13:03.473] [DEBUG] cheese - admin  
[2020-02-22T20:13:03.591] [DEBUG] cheese - null
[2020-02-22T20:13:03.592] [DEBUG] cheese - null
[2020-02-22T20:21:25.481] [DEBUG] cheese - login => username:admin  ,password:123456
[2020-02-22T20:21:25.482] [DEBUG] cheese - admin  
[2020-02-22T20:21:25.486] [DEBUG] cheese - null
[2020-02-22T20:21:25.486] [DEBUG] cheese - null
[2020-02-22T23:13:35.058] [DEBUG] cheese - login => username:admin  ,password:123456
[2020-02-22T23:13:35.058] [DEBUG] cheese - admin  
[2020-02-22T23:13:35.063] [DEBUG] cheese - null
[2020-02-22T23:13:35.063] [DEBUG] cheese - null
[2020-02-24T13:22:31.286] [DEBUG] cheese - login => username:admin  ,password:123456
[2020-02-24T13:22:31.287] [DEBUG] cheese - admin  
[2020-02-24T13:22:31.349] [DEBUG] cheese - null
[2020-02-24T13:22:31.350] [DEBUG] cheese - null
[2020-02-25T13:15:00.380] [DEBUG] cheese - login => username:admin  ,password:123456
[2020-02-25T13:15:00.413] [DEBUG] cheese - admin  
[2020-02-25T13:15:00.449] [DEBUG] cheese - login => username:admin  ,password:123456
[2020-02-25T13:15:00.450] [DEBUG] cheese - admin  
[2020-02-25T13:15:00.462] [DEBUG] cheese - login => username:admin  ,password:123456
[2020-02-25T13:15:00.462] [DEBUG] cheese - admin  
[2020-02-25T13:15:00.521] [DEBUG] cheese - null
[2020-02-25T13:15:00.522] [DEBUG] cheese - null
[2020-02-25T13:15:00.743] [DEBUG] cheese - null
[2020-02-25T13:15:00.744] [DEBUG] cheese - null
[2020-02-25T13:15:00.837] [DEBUG] cheese - null
[2020-02-25T13:15:00.837] [DEBUG] cheese - null
[2020-02-25T13:32:33.898] [DEBUG] cheese - login => username:admin  ,password:123456
[2020-02-25T13:32:33.899] [DEBUG] cheese - admin  
[2020-02-25T13:32:33.908] [DEBUG] cheese - null
[2020-02-25T13:32:33.908] [DEBUG] cheese - null
[2020-02-26T15:01:04.285] [DEBUG] cheese - login => username:admin  ,password:123456
[2020-02-26T15:01:04.287] [DEBUG] cheese - admin  
[2020-02-26T15:01:04.433] [DEBUG] cheese - null
[2020-02-26T15:01:04.434] [DEBUG] cheese - null
[2020-02-26T15:22:22.378] [DEBUG] cheese - login => username:admin  ,password:123456
[2020-02-26T15:22:22.382] [DEBUG] cheese - admin  
[2020-02-26T15:22:22.394] [DEBUG] cheese - null
[2020-02-26T15:22:22.396] [DEBUG] cheese - null
[2020-02-27T00:15:04.852] [DEBUG] cheese - login => username:admin  ,password:123456
[2020-02-27T00:15:04.853] [DEBUG] cheese - admin  
[2020-02-27T00:15:04.872] [DEBUG] cheese - null
[2020-02-27T00:15:04.872] [DEBUG] cheese - null
[2020-02-27T00:16:11.682] [DEBUG] cheese - login => username:admin  ,password:123456
[2020-02-27T00:16:11.682] [DEBUG] cheese - admin  
[2020-02-27T00:16:11.684] [DEBUG] cheese - null
[2020-02-27T00:16:11.685] [DEBUG] cheese - null
[2020-02-27T00:22:10.471] [DEBUG] cheese - login => username:admin  ,password:123456
[2020-02-27T00:22:10.475] [DEBUG] cheese - admin  
[2020-02-27T00:22:10.486] [DEBUG] cheese - null
[2020-02-27T00:22:10.488] [DEBUG] cheese - null
[2020-02-27T10:24:07.820] [DEBUG] cheese - login => username:admin  ,password:123456
[2020-02-27T10:24:07.824] [DEBUG] cheese - admin  
[2020-02-27T10:24:07.928] [DEBUG] cheese - null
[2020-02-27T10:24:07.929] [DEBUG] cheese - null
[2020-02-27T16:18:58.778] [DEBUG] cheese - login => username:admin  ,password:123456
[2020-02-27T16:18:58.782] [DEBUG] cheese - admin  
[2020-02-27T16:18:58.819] [DEBUG] cheese - null
[2020-02-27T16:18:58.821] [DEBUG] cheese - null
[2020-02-27T16:22:55.579] [DEBUG] cheese - login => username:admin  ,password:123456
[2020-02-27T16:22:55.583] [DEBUG] cheese - admin  
[2020-02-27T16:22:55.604] [DEBUG] cheese - null
[2020-02-27T16:22:55.605] [DEBUG] cheese - null
[2020-02-28T15:10:40.118] [DEBUG] cheese - login => username:admin  ,password:123456
[2020-02-28T15:10:40.121] [DEBUG] cheese - admin  
[2020-02-28T15:10:40.269] [DEBUG] cheese - null
[2020-02-28T15:10:40.271] [DEBUG] cheese - null
[2020-02-28T19:48:41.232] [DEBUG] cheese - login => username:admin  ,password:123456
[2020-02-28T19:48:41.236] [DEBUG] cheese - admin  
[2020-02-28T19:48:41.252] [DEBUG] cheese - null
[2020-02-28T19:48:41.254] [DEBUG] cheese - null
[2020-02-28T20:13:12.166] [DEBUG] cheese - login => username:admin  ,password:123456
[2020-02-28T20:13:12.170] [DEBUG] cheese - admin  
[2020-02-28T20:13:12.181] [DEBUG] cheese - login => username:admin  ,password:123456
[2020-02-28T20:13:12.181] [DEBUG] cheese - admin  
[2020-02-28T20:13:12.209] [DEBUG] cheese - null
[2020-02-28T20:13:22.882] [DEBUG] cheese - login => username:admin  ,password:123456
[2020-02-28T20:13:22.884] [DEBUG] cheese - admin  
[2020-02-28T20:13:22.905] [DEBUG] cheese - null
[2020-02-28T20:13:22.906] [DEBUG] cheese - null
[2020-02-28T23:30:07.637] [DEBUG] cheese - login => username:admin  ,password:123456
[2020-02-28T23:30:07.641] [DEBUG] cheese - admin  
[2020-02-28T23:30:07.655] [DEBUG] cheese - null
[2020-02-28T23:30:07.656] [DEBUG] cheese - null
[2020-02-29T00:53:06.302] [DEBUG] cheese - login => username:admin  ,password:123456
[2020-02-29T00:53:06.306] [DEBUG] cheese - admin  
[2020-02-29T00:53:06.318] [DEBUG] cheese - null
[2020-02-29T00:53:06.320] [DEBUG] cheese - null
[2020-02-29T10:47:57.287] [DEBUG] cheese - login => username:admin  ,password:123456
[2020-02-29T10:47:57.292] [DEBUG] cheese - admin  
[2020-02-29T10:47:57.376] [DEBUG] cheese - null
[2020-02-29T10:47:57.378] [DEBUG] cheese - null
[2020-03-01T10:57:54.531] [DEBUG] cheese - login => username:admin  ,password:123456
[2020-03-01T10:57:54.536] [DEBUG] cheese - admin  
[2020-03-01T10:57:54.887] [DEBUG] cheese - null
[2020-03-01T10:57:54.888] [DEBUG] cheese - null
[2020-03-02T12:03:15.638] [DEBUG] cheese - login => username:admin  ,password:123456
[2020-03-02T12:03:15.648] [DEBUG] cheese - admin  
[2020-03-02T12:03:15.753] [DEBUG] cheese - null
[2020-03-02T12:03:15.754] [DEBUG] cheese - null
[2020-03-02T12:07:04.787] [DEBUG] cheese - login => username:admin  ,password:123456
[2020-03-02T12:07:04.788] [DEBUG] cheese - admin  
[2020-03-02T12:07:04.800] [DEBUG] cheese - null
[2020-03-02T12:07:04.800] [DEBUG] cheese - null
[2020-03-03T00:13:26.425] [DEBUG] cheese - login => username:admin  ,password:123456
[2020-03-03T00:13:26.432] [DEBUG] cheese - admin  
[2020-03-03T00:13:26.442] [DEBUG] cheese - null
[2020-03-03T00:13:26.446] [DEBUG] cheese - null
[2020-03-03T19:44:00.353] [DEBUG] cheese - login => username:admin  ,password:123456
[2020-03-03T19:44:00.372] [DEBUG] cheese - admin  
[2020-03-03T19:44:00.412] [DEBUG] cheese - null
[2020-03-03T19:44:00.424] [DEBUG] cheese - null
[2020-03-03T19:44:44.042] [DEBUG] cheese - login => username:admin  ,password:123456
[2020-03-03T19:44:44.043] [DEBUG] cheese - admin  
[2020-03-03T19:44:44.059] [DEBUG] cheese - null
[2020-03-03T19:44:44.060] [DEBUG] cheese - null
[2020-03-03T19:48:12.909] [DEBUG] cheese - login => username:admin  ,password:123456
[2020-03-03T19:48:12.911] [DEBUG] cheese - admin  
[2020-03-03T19:48:12.925] [DEBUG] cheese - null
[2020-03-03T19:48:12.925] [DEBUG] cheese - null
[2020-03-03T22:48:18.533] [DEBUG] cheese - login => username:admin  ,password:123456
[2020-03-03T22:48:18.541] [DEBUG] cheese - admin  
[2020-03-03T22:48:18.808] [DEBUG] cheese - null
[2020-03-03T22:48:18.810] [DEBUG] cheese - null
[2020-03-04T00:05:07.374] [DEBUG] cheese - login => username:admin  ,password:123456
[2020-03-04T00:05:07.379] [DEBUG] cheese - admin  
[2020-03-04T00:05:07.475] [DEBUG] cheese - null
[2020-03-04T00:05:07.475] [DEBUG] cheese - null
[2020-03-05T00:07:34.051] [DEBUG] cheese - login => username:admin  ,password:123456
[2020-03-05T00:07:34.157] [DEBUG] cheese - admin  
[2020-03-05T00:07:34.204] [DEBUG] cheese - null
[2020-03-05T00:07:34.205] [DEBUG] cheese - null
[2020-03-05T02:22:46.185] [DEBUG] cheese - null
[2020-03-05T13:22:30.014] [DEBUG] cheese - null
[2020-03-05T13:22:57.091] [DEBUG] cheese - null
[2020-03-05T13:23:48.203] [DEBUG] cheese - null
[2020-03-05T13:24:20.377] [DEBUG] cheese - null
[2020-03-05T13:24:41.102] [DEBUG] cheese - null
[2020-03-05T13:26:14.237] [DEBUG] cheese - null
[2020-03-05T13:27:09.489] [DEBUG] cheese - null
[2020-03-05T13:27:19.381] [DEBUG] cheese - null
[2020-03-05T13:27:25.038] [DEBUG] cheese - null
[2020-03-05T13:27:37.442] [DEBUG] cheese - null
[2020-03-06T00:09:05.283] [DEBUG] cheese - login => username:admin  ,password:123456
[2020-03-06T00:09:05.284] [DEBUG] cheese - admin  
[2020-03-06T00:09:05.372] [DEBUG] cheese - null
[2020-03-06T00:09:05.372] [DEBUG] cheese - null
[2020-03-07T10:56:22.566] [DEBUG] cheese - login => username:admin  ,password:123456
[2020-03-07T10:56:22.567] [DEBUG] cheese - admin  
[2020-03-07T10:56:22.709] [DEBUG] cheese - null
[2020-03-07T10:56:22.710] [DEBUG] cheese - null
[2020-03-07T19:51:36.192] [DEBUG] cheese - login => username:admin  ,password:123456
[2020-03-07T19:51:36.195] [DEBUG] cheese - admin  
[2020-03-07T19:51:36.205] [DEBUG] cheese - null
[2020-03-07T19:51:36.206] [DEBUG] cheese - null
[2020-03-08T11:44:36.230] [DEBUG] cheese - login => username:admin  ,password:123456
[2020-03-08T11:44:36.235] [DEBUG] cheese - admin  
[2020-03-08T11:44:36.432] [DEBUG] cheese - null
[2020-03-08T11:44:36.440] [DEBUG] cheese - null
[2020-03-08T11:44:42.867] [DEBUG] cheese - login => username:admin  ,password:123456
[2020-03-08T11:44:42.867] [DEBUG] cheese - admin  
[2020-03-08T11:44:42.875] [DEBUG] cheese - null
[2020-03-08T11:44:42.875] [DEBUG] cheese - null
[2020-03-08T11:45:03.187] [DEBUG] cheese - login => username:admin  ,password:123456
[2020-03-08T11:45:03.187] [DEBUG] cheese - admin  
[2020-03-08T11:45:03.196] [DEBUG] cheese - null
[2020-03-08T11:45:03.197] [DEBUG] cheese - null
[2020-03-08T11:47:04.032] [DEBUG] cheese - login => username:admin  ,password:123456
[2020-03-08T11:47:04.032] [DEBUG] cheese - admin  
[2020-03-08T11:47:04.039] [DEBUG] cheese - null
[2020-03-08T11:47:04.039] [DEBUG] cheese - null
[2020-03-08T11:47:06.606] [DEBUG] cheese - login => username:admin  ,password:123456
[2020-03-08T11:47:06.606] [DEBUG] cheese - admin  
[2020-03-08T11:47:06.613] [DEBUG] cheese - null
[2020-03-08T11:47:06.613] [DEBUG] cheese - null
[2020-03-08T11:47:58.659] [DEBUG] cheese - login => username:admin  ,password:123456
[2020-03-08T11:47:58.660] [DEBUG] cheese - admin  
[2020-03-08T11:47:58.666] [DEBUG] cheese - null
[2020-03-08T11:47:58.666] [DEBUG] cheese - null
[2020-03-08T11:48:00.815] [DEBUG] cheese - login => username:admin  ,password:123456
[2020-03-08T11:48:00.816] [DEBUG] cheese - admin  
[2020-03-08T11:48:00.822] [DEBUG] cheese - null
[2020-03-08T11:48:00.822] [DEBUG] cheese - null
[2020-03-08T11:48:03.208] [DEBUG] cheese - login => username:admin  ,password:123456
[2020-03-08T11:48:03.208] [DEBUG] cheese - admin  
[2020-03-08T11:48:03.217] [DEBUG] cheese - null
[2020-03-08T11:48:03.217] [DEBUG] cheese - null
[2020-03-08T11:48:36.294] [DEBUG] cheese - login => username:admin  ,password:123456
[2020-03-08T11:48:36.294] [DEBUG] cheese - admin  
[2020-03-08T11:48:36.301] [DEBUG] cheese - null
[2020-03-08T11:48:36.301] [DEBUG] cheese - null
[2020-03-08T11:48:41.270] [DEBUG] cheese - login => username:admin  ,password:123456
[2020-03-08T11:48:41.271] [DEBUG] cheese - admin  
[2020-03-08T11:48:41.277] [DEBUG] cheese - null
[2020-03-08T11:48:41.277] [DEBUG] cheese - null
[2020-03-08T15:18:41.436] [DEBUG] cheese - login => username:admin  ,password:123456
[2020-03-08T15:18:41.441] [DEBUG] cheese - admin  
[2020-03-08T15:18:41.451] [DEBUG] cheese - null
[2020-03-08T15:18:41.453] [DEBUG] cheese - null
[2020-03-08T15:24:39.448] [DEBUG] cheese - login => username:admin  ,password:123456
[2020-03-08T15:24:39.448] [DEBUG] cheese - admin  
[2020-03-08T15:24:39.454] [DEBUG] cheese - null
[2020-03-08T15:24:39.455] [DEBUG] cheese - null
[2020-03-08T15:26:30.242] [DEBUG] cheese - login => username:admin  ,password:123456
[2020-03-08T15:26:30.247] [DEBUG] cheese - admin  
[2020-03-08T15:26:30.258] [DEBUG] cheese - null
[2020-03-08T15:26:30.260] [DEBUG] cheese - null
[2020-03-08T15:59:27.825] [DEBUG] cheese - login => username:admin  ,password:123456
[2020-03-08T15:59:27.825] [DEBUG] cheese - admin  
[2020-03-08T15:59:28.231] [DEBUG] cheese - null
[2020-03-08T15:59:28.232] [DEBUG] cheese - null
[2020-03-08T16:40:32.293] [DEBUG] cheese - login => username:admin  ,password:123456
[2020-03-08T16:40:32.301] [DEBUG] cheese - admin  
[2020-03-08T16:40:32.446] [DEBUG] cheese - null
[2020-03-08T16:40:32.447] [DEBUG] cheese - null
[2020-03-09T16:44:33.927] [DEBUG] cheese - login => username:admin  ,password:123456
[2020-03-09T16:44:34.033] [DEBUG] cheese - admin  
[2020-03-09T16:44:34.446] [DEBUG] cheese - null
[2020-03-09T16:44:34.447] [DEBUG] cheese - null
[2020-03-09T16:56:36.052] [DEBUG] cheese - login => username:admin  ,password:123456
[2020-03-09T16:56:36.052] [DEBUG] cheese - admin  
[2020-03-09T16:56:36.073] [DEBUG] cheese - null
[2020-03-09T16:56:36.074] [DEBUG] cheese - null
[2020-03-09T16:58:48.237] [DEBUG] cheese - login => username:admin  ,password:123456
[2020-03-09T16:58:48.237] [DEBUG] cheese - admin  
[2020-03-09T16:58:48.247] [DEBUG] cheese - null
[2020-03-09T16:58:48.248] [DEBUG] cheese - null
[2020-03-09T20:19:49.809] [DEBUG] cheese - login => username:admin  ,password:123456
[2020-03-09T20:19:49.839] [DEBUG] cheese - admin  
[2020-03-09T20:19:50.223] [DEBUG] cheese - null
[2020-03-09T20:19:50.225] [DEBUG] cheese - null
[2020-03-09T20:22:54.964] [DEBUG] cheese - login => username:admin  ,password:123456
[2020-03-09T20:22:54.966] [DEBUG] cheese - admin  
[2020-03-09T20:22:54.972] [DEBUG] cheese - null
[2020-03-09T20:22:54.973] [DEBUG] cheese - null
[2020-03-10T00:18:19.680] [DEBUG] cheese - login => username:admin  ,password:123456
[2020-03-10T00:18:19.690] [DEBUG] cheese - admin  
[2020-03-10T00:18:19.707] [DEBUG] cheese - null
[2020-03-10T00:18:19.710] [DEBUG] cheese - null
[2020-03-10T09:23:43.996] [DEBUG] cheese - login => username:admin  ,password:123456
[2020-03-10T09:23:44.025] [DEBUG] cheese - admin  
[2020-03-10T09:23:44.127] [DEBUG] cheese - null
[2020-03-10T09:23:44.128] [DEBUG] cheese - null
[2020-03-10T09:32:07.855] [DEBUG] cheese - login => username:admin  ,password:123456
[2020-03-10T09:32:07.856] [DEBUG] cheese - admin  
[2020-03-10T09:32:07.860] [DEBUG] cheese - null
[2020-03-10T09:32:07.860] [DEBUG] cheese - null
[2020-03-10T10:10:04.098] [DEBUG] cheese - login => username:admin  ,password:123456
[2020-03-10T10:10:04.101] [DEBUG] cheese - admin  
[2020-03-10T10:10:04.115] [DEBUG] cheese - null
[2020-03-10T10:10:04.115] [DEBUG] cheese - null
[2020-03-10T10:20:09.275] [DEBUG] cheese - login => username:admin  ,password:123456
[2020-03-10T10:20:09.277] [DEBUG] cheese - admin  
[2020-03-10T10:20:09.289] [DEBUG] cheese - null
[2020-03-10T10:20:09.290] [DEBUG] cheese - null
[2020-03-10T10:21:33.152] [DEBUG] cheese - login => username:admin  ,password:123456
[2020-03-10T10:21:33.153] [DEBUG] cheese - admin  
[2020-03-10T10:21:33.158] [DEBUG] cheese - null
[2020-03-10T10:21:33.158] [DEBUG] cheese - null
[2020-03-10T10:59:52.444] [DEBUG] cheese - login => username:admin  ,password:123456
[2020-03-10T10:59:52.446] [DEBUG] cheese - admin  
[2020-03-10T10:59:52.457] [DEBUG] cheese - null
[2020-03-10T10:59:52.457] [DEBUG] cheese - null
[2020-03-10T14:08:21.246] [DEBUG] cheese - login => username:admin  ,password:123456
[2020-03-10T14:08:21.259] [DEBUG] cheese - admin  
[2020-03-10T14:08:21.375] [DEBUG] cheese - null
[2020-03-10T14:08:21.375] [DEBUG] cheese - null
